<?xml version="1.0" encoding="UTF-8"?>
<!-- Generated by org.testng.reporters.JUnitReportReporter -->
<testsuite hostname="ishqiya" failures="0" tests="1" name="com.ecommerce.actitime.Tc_01$Tc_001" time="12.027" errors="0" timestamp="2023-08-12T21:03:42 IST" skipped="0">
  <testcase classname="com.ecommerce.actitime.Tc_01$Tc_001" name="Execute_CreateProject" time="12.027"/>
</testsuite> <!-- com.ecommerce.actitime.Tc_01$Tc_001 -->
